<?xml version="1.0" encoding="UTF-8"?>
<!-- Generated by org.testng.reporters.JUnitReportReporter -->
<testsuite skipped="0" hostname="Bat-Computer.local" name="com.spring.testing.EmailValidationTest" tests="9" failures="0" timestamp="04 Dec 2023 18:32:06 GMT" time="31.292" errors="0">
  <testcase name="testContactForm" time="8.903" classname="com.spring.testing.EmailValidationTest"/>
  <testcase name="testEmailValidation" time="2.639" classname="com.spring.testing.EmailValidationTest"/>
  <testcase name="testEmailValidation" time="3.357" classname="com.spring.testing.EmailValidationTest"/>
  <testcase name="testEmailValidation" time="2.606" classname="com.spring.testing.EmailValidationTest"/>
  <testcase name="testEmailValidation" time="2.615" classname="com.spring.testing.EmailValidationTest"/>
  <testcase name="testEmailValidation" time="2.595" classname="com.spring.testing.EmailValidationTest"/>
  <testcase name="testEmailValidation" time="2.609" classname="com.spring.testing.EmailValidationTest"/>
  <testcase name="testEmailValidation" time="3.296" classname="com.spring.testing.EmailValidationTest"/>
  <testcase name="testEmailValidation" time="2.672" classname="com.spring.testing.EmailValidationTest"/>
</testsuite> <!-- com.spring.testing.EmailValidationTest -->
