<?xml version="1.0" encoding="UTF-8"?>
<!-- Generated by org.testng.reporters.JUnitReportReporter -->
<testsuite skipped="0" hostname="Bat-Computer.local" name="com.spring.testing.EmailValidationTest" tests="9" failures="0" timestamp="03 Dec 2023 22:40:10 GMT" time="30.025" errors="0">
  <testcase name="testEmailValidation" time="2.547" classname="com.spring.testing.EmailValidationTest"/>
  <testcase name="testEmailValidation" time="2.535" classname="com.spring.testing.EmailValidationTest"/>
  <testcase name="testEmailValidation" time="2.523" classname="com.spring.testing.EmailValidationTest"/>
  <testcase name="testEmailValidation" time="2.571" classname="com.spring.testing.EmailValidationTest"/>
  <testcase name="testContactForm" time="8.435" classname="com.spring.testing.EmailValidationTest"/>
  <testcase name="testEmailValidation" time="3.145" classname="com.spring.testing.EmailValidationTest"/>
  <testcase name="testEmailValidation" time="3.184" classname="com.spring.testing.EmailValidationTest"/>
  <testcase name="testEmailValidation" time="2.532" classname="com.spring.testing.EmailValidationTest"/>
  <testcase name="testEmailValidation" time="2.553" classname="com.spring.testing.EmailValidationTest"/>
</testsuite> <!-- com.spring.testing.EmailValidationTest -->
