<?xml version="1.0" encoding="UTF-8"?>
<!-- Generated by org.testng.reporters.JUnitReportReporter -->
<testsuite skipped="0" hostname="Bat-Computer.local" name="DummyContactForm" tests="1" failures="0" timestamp="03 Dec 2023 03:00:13 GMT" time="4.123" errors="0">
  <testcase name="testContactForm" time="4.123" classname="DummyContactForm"/>
</testsuite> <!-- DummyContactForm -->
