<?xml version="1.0" encoding="UTF-8"?>
<!-- Generated by org.testng.reporters.JUnitReportReporter -->
<testsuite skipped="0" hostname="Bat-Computer.local" name="ContactFormTest" tests="1" failures="0" timestamp="02 Dec 2023 21:55:51 GMT" time="8.446" errors="0">
  <testcase name="testContactForm" time="8.446" classname="ContactFormTest"/>
</testsuite> <!-- ContactFormTest -->
