<?xml version="1.0" encoding="UTF-8"?>
<!-- Generated by org.testng.reporters.JUnitReportReporter -->
<testsuite skipped="0" hostname="Bat-Computer.local" name="com.spring.testing.ContactFormTest" tests="1" failures="0" timestamp="03 Dec 2023 22:36:02 GMT" time="8.865" errors="0">
  <testcase name="testContactForm" time="8.865" classname="com.spring.testing.ContactFormTest"/>
</testsuite> <!-- com.spring.testing.ContactFormTest -->
