<?xml version="1.0" encoding="UTF-8"?>
<!-- Generated by org.testng.reporters.JUnitReportReporter -->
<testsuite skipped="0" hostname="Bat-Computer.local" name="WebDriverSetup" tests="1" failures="0" timestamp="02 Dec 2023 21:27:38 GMT" time="0.890" errors="0">
  <testcase name="openContactUsPage" time="0.890" classname="WebDriverSetup"/>
</testsuite> <!-- WebDriverSetup -->
