<?xml version="1.0" encoding="UTF-8"?>
<!-- Generated by org.testng.reporters.JUnitReportReporter -->
<testsuite skipped="0" hostname="Bat-Computer.local" name="com.spring.testing.ContactFormTest" tests="1" failures="0" timestamp="13 Dec 2023 20:56:13 GMT" time="8.971" errors="0">
  <testcase name="testContactForm" time="8.971" classname="com.spring.testing.ContactFormTest"/>
</testsuite> <!-- com.spring.testing.ContactFormTest -->
