<?xml version="1.0" encoding="UTF-8"?>
<!-- Generated by org.testng.reporters.JUnitReportReporter -->
<testsuite skipped="0" hostname="Bat-Computer.local" name="EmailValidationTest" tests="9" failures="0" timestamp="03 Dec 2023 02:42:47 GMT" time="30.949" errors="0">
  <testcase name="testEmailValidation" time="2.559" classname="EmailValidationTest"/>
  <testcase name="testEmailValidation" time="2.589" classname="EmailValidationTest"/>
  <testcase name="testEmailValidation" time="2.564" classname="EmailValidationTest"/>
  <testcase name="testEmailValidation" time="2.616" classname="EmailValidationTest"/>
  <testcase name="testContactForm" time="8.772" classname="EmailValidationTest"/>
  <testcase name="testEmailValidation" time="3.327" classname="EmailValidationTest"/>
  <testcase name="testEmailValidation" time="3.357" classname="EmailValidationTest"/>
  <testcase name="testEmailValidation" time="2.551" classname="EmailValidationTest"/>
  <testcase name="testEmailValidation" time="2.614" classname="EmailValidationTest"/>
</testsuite> <!-- EmailValidationTest -->
