<?xml version="1.0" encoding="UTF-8"?>
<!-- Generated by org.testng.reporters.JUnitReportReporter -->
<testsuite skipped="0" hostname="Bat-Computer.local" name="com.spring.testing.EmailValidationTest" tests="9" failures="0" timestamp="15 Dec 2023 17:16:05 GMT" time="30.624" errors="0">
  <testcase name="testEmailValidation" time="2.596" classname="com.spring.testing.EmailValidationTest"/>
  <testcase name="testEmailValidation" time="2.579" classname="com.spring.testing.EmailValidationTest"/>
  <testcase name="testContactForm" time="8.745" classname="com.spring.testing.EmailValidationTest"/>
  <testcase name="testEmailValidation" time="2.576" classname="com.spring.testing.EmailValidationTest"/>
  <testcase name="testEmailValidation" time="2.549" classname="com.spring.testing.EmailValidationTest"/>
  <testcase name="testEmailValidation" time="3.325" classname="com.spring.testing.EmailValidationTest"/>
  <testcase name="testEmailValidation" time="2.558" classname="com.spring.testing.EmailValidationTest"/>
  <testcase name="testEmailValidation" time="2.569" classname="com.spring.testing.EmailValidationTest"/>
  <testcase name="testEmailValidation" time="3.127" classname="com.spring.testing.EmailValidationTest"/>
</testsuite> <!-- com.spring.testing.EmailValidationTest -->
