<?xml version="1.0" encoding="UTF-8"?>
<!-- Generated by org.testng.reporters.JUnitReportReporter -->
<testsuite skipped="0" hostname="Bat-Computer.local" name="AnotherDummy" tests="1" failures="0" timestamp="02 Dec 2023 08:38:25 GMT" time="2.262" errors="0">
  <testcase name="testContactForm" time="2.262" classname="AnotherDummy"/>
</testsuite> <!-- AnotherDummy -->
